TN:
SF:src\router.ts
FN:35,(anonymous_0)
FN:45,(anonymous_1)
FNF:2
FNH:2
FNDA:3,(anonymous_0)
FNDA:5,(anonymous_1)
DA:1,2
DA:2,2
DA:10,2
DA:11,2
DA:13,2
DA:15,2
DA:16,2
DA:23,2
DA:35,3
DA:41,2
DA:45,5
DA:51,2
DA:58,2
DA:65,2
LF:14
LH:14
BRF:0
BRH:0
end_of_record
TN:
SF:src\server.ts
FN:5,connectDB
FN:23,(anonymous_2)
FNF:2
FNH:2
FNDA:2,connectDB
FNDA:1,(anonymous_2)
DA:1,2
DA:2,2
DA:3,2
DA:6,2
DA:7,2
DA:8,1
DA:11,0
DA:12,0
DA:15,2
DA:17,2
DA:19,2
DA:21,2
DA:23,2
DA:24,1
DA:27,2
LF:15
LH:13
BRF:0
BRH:0
end_of_record
TN:
SF:src\config\db.ts
FNF:0
FNH:0
DA:1,2
DA:2,2
DA:3,2
DA:5,2
DA:10,2
LF:5
LH:5
BRF:0
BRH:0
end_of_record
TN:
SF:src\middlewares\index.ts
FN:4,(anonymous_0)
FNF:1
FNH:1
FNDA:16,(anonymous_0)
DA:2,2
DA:4,2
DA:9,16
DA:10,16
DA:11,7
DA:13,9
LF:6
LH:6
BRDA:10,0,0,7
BRF:1
BRH:1
end_of_record
TN:
SF:src\models\Product.model.ts
FNF:0
FNH:0
DA:1,2
DA:7,2
DA:11,2
DA:16,2
DA:22,2
DA:25,2
LF:6
LH:6
BRF:0
BRH:0
end_of_record
TN:
SF:src\utils\product.ts
FN:4,(anonymous_1)
FN:16,(anonymous_2)
FN:31,(anonymous_3)
FN:40,(anonymous_4)
FN:58,(anonymous_5)
FN:76,(anonymous_6)
FNF:6
FNH:6
FNDA:1,(anonymous_1)
FNDA:2,(anonymous_2)
FNDA:1,(anonymous_3)
FNDA:2,(anonymous_4)
FNDA:2,(anonymous_5)
FNDA:2,(anonymous_6)
DA:2,2
DA:4,2
DA:5,1
DA:6,1
DA:10,1
DA:12,0
DA:16,2
DA:17,2
DA:18,2
DA:19,2
DA:21,2
DA:22,1
DA:25,1
DA:27,0
DA:31,2
DA:32,1
DA:33,1
DA:34,1
DA:36,0
DA:40,2
DA:41,2
DA:42,2
DA:43,2
DA:45,2
DA:46,1
DA:49,1
DA:50,1
DA:52,1
DA:54,0
DA:58,2
DA:59,2
DA:60,2
DA:61,2
DA:63,2
DA:64,1
DA:67,1
DA:68,1
DA:70,1
DA:72,0
DA:76,2
DA:77,2
DA:78,2
DA:79,2
DA:81,2
DA:82,1
DA:85,1
DA:86,1
DA:88,0
LF:48
LH:42
BRDA:21,0,0,1
BRDA:45,1,0,1
BRDA:63,2,0,1
BRDA:81,3,0,1
BRF:4
BRH:4
end_of_record
